<html>
<head>
<title>TestNG:  Test</title>
<link href="../testng.css" rel="stylesheet" type="text/css" />
<link href="../my-testng.css" rel="stylesheet" type="text/css" />

<style type="text/css">
.log { display: none;} 
.stack-trace { display: none;} 
</style>
<script type="text/javascript">
<!--
function flip(e) {
  current = e.style.display;
  if (current == 'block') {
    e.style.display = 'none';
    return 0;
  }
  else {
    e.style.display = 'block';
    return 1;
  }
}

function toggleBox(szDivId, elem, msg1, msg2)
{
  var res = -1;  if (document.getElementById) {
    res = flip(document.getElementById(szDivId));
  }
  else if (document.all) {
    // this is the way old msie versions work
    res = flip(document.all[szDivId]);
  }
  if(elem) {
    if(res == 0) elem.innerHTML = msg1; else elem.innerHTML = msg2;
  }

}

function toggleAllBoxes() {
  if (document.getElementsByTagName) {
    d = document.getElementsByTagName('div');
    for (i = 0; i < d.length; i++) {
      if (d[i].className == 'log') {
        flip(d[i]);
      }
    }
  }
}

// -->
</script>

</head>
<body>
<h2 align='center'>Test</h2><table border='1' align="center">
<tr>
<td>Tests passed/Failed/Skipped:</td><td>29/2/2</td>
</tr><tr>
<td>Started on:</td><td>Sat Mar 27 15:09:29 IST 2021</td>
</tr>
<tr><td>Total time:</td><td>37 seconds (37249 ms)</td>
</tr><tr>
<td>Included groups:</td><td></td>
</tr><tr>
<td>Excluded groups:</td><td></td>
</tr>
</table><p/>
<small><i>(Hover the method name to see the test class name)</i></small><p/>
<table width='100%' border='1' class='invocation-failed'>
<tr><td colspan='4' align='center'><b>FAILED TESTS</b></td></tr>
<tr><td><b>Test method</b></td>
<td width="30%"><b>Exception</b></td>
<td width="10%"><b>Time (seconds)</b></td>
<td><b>Instance</b></td>
</tr>
<tr>
<td title='com.crm.qa.tests.ForgotTest.GoBack()'><b>GoBack</b><br>Test class: com.crm.qa.tests.ForgotTest</td>
<td><div><pre>java.lang.NullPointerException
	at com.crm.qa.pages.ForgotPage.GoBackLoginPage(ForgotPage.java:138)
	at com.crm.qa.tests.ForgotTest.GoBack(ForgotTest.java:44)
... Removed 24 stack frames</pre></div><a href='#' onClick='toggleBox("stack-trace641980258", this, "Click to show all stack frames", "Click to hide stack frames")'>Click to show all stack frames</a>
<div class='stack-trace' id='stack-trace641980258'><pre>java.lang.NullPointerException
	at com.crm.qa.pages.ForgotPage.GoBackLoginPage(ForgotPage.java:138)
	at com.crm.qa.tests.ForgotTest.GoBack(ForgotTest.java:44)
	at java.base/jdk.internal.reflect.NativeMethodAccessorImpl.invoke0(Native Method)
	at java.base/jdk.internal.reflect.NativeMethodAccessorImpl.invoke(NativeMethodAccessorImpl.java:62)
	at java.base/jdk.internal.reflect.DelegatingMethodAccessorImpl.invoke(DelegatingMethodAccessorImpl.java:43)
	at java.base/java.lang.reflect.Method.invoke(Method.java:564)
	at org.testng.internal.MethodInvocationHelper.invokeMethod(MethodInvocationHelper.java:85)
	at org.testng.internal.Invoker.invokeMethod(Invoker.java:639)
	at org.testng.internal.Invoker.invokeTestMethod(Invoker.java:816)
	at org.testng.internal.Invoker.invokeTestMethods(Invoker.java:1124)
	at org.testng.internal.TestMethodWorker.invokeTestMethods(TestMethodWorker.java:125)
	at org.testng.internal.TestMethodWorker.run(TestMethodWorker.java:108)
	at org.testng.TestRunner.privateRun(TestRunner.java:774)
	at org.testng.TestRunner.run(TestRunner.java:624)
	at org.testng.SuiteRunner.runTest(SuiteRunner.java:359)
	at org.testng.SuiteRunner.runSequentially(SuiteRunner.java:354)
	at org.testng.SuiteRunner.privateRun(SuiteRunner.java:312)
	at org.testng.SuiteRunner.run(SuiteRunner.java:261)
	at org.testng.SuiteRunnerWorker.runSuite(SuiteRunnerWorker.java:52)
	at org.testng.SuiteRunnerWorker.run(SuiteRunnerWorker.java:86)
	at org.testng.TestNG.runSuitesSequentially(TestNG.java:1191)
	at org.testng.TestNG.runSuitesLocally(TestNG.java:1116)
	at org.testng.TestNG.run(TestNG.java:1024)
	at org.testng.remote.AbstractRemoteTestNG.run(AbstractRemoteTestNG.java:115)
	at org.testng.remote.RemoteTestNG.initAndRun(RemoteTestNG.java:251)
	at org.testng.remote.RemoteTestNG.main(RemoteTestNG.java:77)
</pre></div></td>
<td>0</td>
<td>com.crm.qa.tests.ForgotTest@5fd4f8f5</td></tr>
<tr>
<td title='com.crm.qa.tests.SignUpTest.m()'><b>m</b><br>Test class: com.crm.qa.tests.SignUpTest</td>
<td><div><pre>java.lang.AssertionError: expected [ytdruyhgrf] but found [Adactin.com - New User Registration]
	at com.crm.qa.tests.SignUpTest.m(SignUpTest.java:46)
... Removed 29 stack frames</pre></div><a href='#' onClick='toggleBox("stack-trace263382013", this, "Click to show all stack frames", "Click to hide stack frames")'>Click to show all stack frames</a>
<div class='stack-trace' id='stack-trace263382013'><pre>java.lang.AssertionError: expected [ytdruyhgrf] but found [Adactin.com - New User Registration]
	at org.testng.Assert.fail(Assert.java:94)
	at org.testng.Assert.failNotEquals(Assert.java:496)
	at org.testng.Assert.assertEquals(Assert.java:125)
	at org.testng.Assert.assertEquals(Assert.java:178)
	at org.testng.Assert.assertEquals(Assert.java:188)
	at com.crm.qa.tests.SignUpTest.m(SignUpTest.java:46)
	at java.base/jdk.internal.reflect.NativeMethodAccessorImpl.invoke0(Native Method)
	at java.base/jdk.internal.reflect.NativeMethodAccessorImpl.invoke(NativeMethodAccessorImpl.java:62)
	at java.base/jdk.internal.reflect.DelegatingMethodAccessorImpl.invoke(DelegatingMethodAccessorImpl.java:43)
	at java.base/java.lang.reflect.Method.invoke(Method.java:564)
	at org.testng.internal.MethodInvocationHelper.invokeMethod(MethodInvocationHelper.java:85)
	at org.testng.internal.Invoker.invokeMethod(Invoker.java:639)
	at org.testng.internal.Invoker.invokeTestMethod(Invoker.java:816)
	at org.testng.internal.Invoker.invokeTestMethods(Invoker.java:1124)
	at org.testng.internal.TestMethodWorker.invokeTestMethods(TestMethodWorker.java:125)
	at org.testng.internal.TestMethodWorker.run(TestMethodWorker.java:108)
	at org.testng.TestRunner.privateRun(TestRunner.java:774)
	at org.testng.TestRunner.run(TestRunner.java:624)
	at org.testng.SuiteRunner.runTest(SuiteRunner.java:359)
	at org.testng.SuiteRunner.runSequentially(SuiteRunner.java:354)
	at org.testng.SuiteRunner.privateRun(SuiteRunner.java:312)
	at org.testng.SuiteRunner.run(SuiteRunner.java:261)
	at org.testng.SuiteRunnerWorker.runSuite(SuiteRunnerWorker.java:52)
	at org.testng.SuiteRunnerWorker.run(SuiteRunnerWorker.java:86)
	at org.testng.TestNG.runSuitesSequentially(TestNG.java:1191)
	at org.testng.TestNG.runSuitesLocally(TestNG.java:1116)
	at org.testng.TestNG.run(TestNG.java:1024)
	at org.testng.remote.AbstractRemoteTestNG.run(AbstractRemoteTestNG.java:115)
	at org.testng.remote.RemoteTestNG.initAndRun(RemoteTestNG.java:251)
	at org.testng.remote.RemoteTestNG.main(RemoteTestNG.java:77)
</pre></div></td>
<td>0</td>
<td>com.crm.qa.tests.SignUpTest@4e7912d8</td></tr>
</table><p>
<table width='100%' border='1' class='invocation-passed'>
<tr><td colspan='4' align='center'><b>PASSED TESTS</b></td></tr>
<tr><td><b>Test method</b></td>
<td width="30%"><b>Exception</b></td>
<td width="10%"><b>Time (seconds)</b></td>
<td><b>Instance</b></td>
</tr>
<tr>
<td title='com.crm.qa.tests.LoginTests.Build1URL_Title()'><b>Build1URL_Title</b><br>Test class: com.crm.qa.tests.LoginTests</td>
<td></td>
<td>0</td>
<td>com.crm.qa.tests.LoginTests@72cde7cc</td></tr>
<tr>
<td title='com.crm.qa.tests.LoginTests.Build1_Title()'><b>Build1_Title</b><br>Test class: com.crm.qa.tests.LoginTests</td>
<td></td>
<td>0</td>
<td>com.crm.qa.tests.LoginTests@72cde7cc</td></tr>
<tr>
<td title='com.crm.qa.tests.LoginTests.Build2_Title()'><b>Build2_Title</b><br>Test class: com.crm.qa.tests.LoginTests</td>
<td></td>
<td>0</td>
<td>com.crm.qa.tests.LoginTests@72cde7cc</td></tr>
<tr>
<td title='com.crm.qa.tests.LoginTests.Email_Title()'><b>Email_Title</b><br>Test class: com.crm.qa.tests.LoginTests</td>
<td></td>
<td>0</td>
<td>com.crm.qa.tests.LoginTests@72cde7cc</td></tr>
<tr>
<td title='com.crm.qa.tests.LoginTests.Email_URL()'><b>Email_URL</b><br>Test class: com.crm.qa.tests.LoginTests</td>
<td></td>
<td>0</td>
<td>com.crm.qa.tests.LoginTests@72cde7cc</td></tr>
<tr>
<td title='com.crm.qa.tests.LoginTests.HotelImage1()'><b>HotelImage1</b><br>Test class: com.crm.qa.tests.LoginTests</td>
<td></td>
<td>0</td>
<td>com.crm.qa.tests.LoginTests@72cde7cc</td></tr>
<tr>
<td title='com.crm.qa.tests.LoginTests.HotelImage2()'><b>HotelImage2</b><br>Test class: com.crm.qa.tests.LoginTests</td>
<td></td>
<td>0</td>
<td>com.crm.qa.tests.LoginTests@72cde7cc</td></tr>
<tr>
<td title='com.crm.qa.tests.LoginTests.HotelImage3()'><b>HotelImage3</b><br>Test class: com.crm.qa.tests.LoginTests</td>
<td></td>
<td>0</td>
<td>com.crm.qa.tests.LoginTests@72cde7cc</td></tr>
<tr>
<td title='com.crm.qa.tests.LoginTests.HotelImage4()'><b>HotelImage4</b><br>Test class: com.crm.qa.tests.LoginTests</td>
<td></td>
<td>0</td>
<td>com.crm.qa.tests.LoginTests@72cde7cc</td></tr>
<tr>
<td title='com.crm.qa.tests.LoginTests.InvalideloginTest1()'><b>InvalideloginTest1</b><br>Test class: com.crm.qa.tests.LoginTests</td>
<td></td>
<td>0</td>
<td>com.crm.qa.tests.LoginTests@72cde7cc</td></tr>
<tr>
<td title='com.crm.qa.tests.LoginTests.Password_Title()'><b>Password_Title</b><br>Test class: com.crm.qa.tests.LoginTests</td>
<td></td>
<td>0</td>
<td>com.crm.qa.tests.LoginTests@72cde7cc</td></tr>
<tr>
<td title='com.crm.qa.tests.LoginTests.Signup()'><b>Signup</b><br>Test class: com.crm.qa.tests.LoginTests</td>
<td></td>
<td>3</td>
<td>com.crm.qa.tests.LoginTests@72cde7cc</td></tr>
<tr>
<td title='com.crm.qa.tests.LoginTests.Signup_Title()'><b>Signup_Title</b><br>Test class: com.crm.qa.tests.LoginTests</td>
<td></td>
<td>0</td>
<td>com.crm.qa.tests.LoginTests@72cde7cc</td></tr>
<tr>
<td title='com.crm.qa.tests.LoginTests.Username_Title()'><b>Username_Title</b><br>Test class: com.crm.qa.tests.LoginTests</td>
<td></td>
<td>0</td>
<td>com.crm.qa.tests.LoginTests@72cde7cc</td></tr>
<tr>
<td title='com.crm.qa.tests.LoginTests.ValideloginTest()'><b>ValideloginTest</b><br>Test class: com.crm.qa.tests.LoginTests</td>
<td></td>
<td>1</td>
<td>com.crm.qa.tests.LoginTests@72cde7cc</td></tr>
<tr>
<td title='com.crm.qa.tests.LoginTests.build_title()'><b>build_title</b><br>Test class: com.crm.qa.tests.LoginTests</td>
<td></td>
<td>0</td>
<td>com.crm.qa.tests.LoginTests@72cde7cc</td></tr>
<tr>
<td title='com.crm.qa.tests.LoginTests.footer_Title()'><b>footer_Title</b><br>Test class: com.crm.qa.tests.LoginTests</td>
<td></td>
<td>0</td>
<td>com.crm.qa.tests.LoginTests@72cde7cc</td></tr>
<tr>
<td title='com.crm.qa.tests.LoginTests.forgotPass()'><b>forgotPass</b><br>Test class: com.crm.qa.tests.LoginTests</td>
<td></td>
<td>1</td>
<td>com.crm.qa.tests.LoginTests@72cde7cc</td></tr>
<tr>
<td title='com.crm.qa.tests.LoginTests.forgotten_Title()'><b>forgotten_Title</b><br>Test class: com.crm.qa.tests.LoginTests</td>
<td></td>
<td>0</td>
<td>com.crm.qa.tests.LoginTests@72cde7cc</td></tr>
<tr>
<td title='com.crm.qa.tests.LoginTests.hotel_URL()'><b>hotel_URL</b><br>Test class: com.crm.qa.tests.LoginTests</td>
<td></td>
<td>0</td>
<td>com.crm.qa.tests.LoginTests@72cde7cc</td></tr>
<tr>
<td title='com.crm.qa.tests.LoginTests.loginPageTitleTest()'><b>loginPageTitleTest</b><br>Test class: com.crm.qa.tests.LoginTests</td>
<td></td>
<td>0</td>
<td>com.crm.qa.tests.LoginTests@72cde7cc</td></tr>
<tr>
<td title='com.crm.qa.tests.LoginTests.loginTitle()'><b>loginTitle</b><br>Test class: com.crm.qa.tests.LoginTests</td>
<td></td>
<td>0</td>
<td>com.crm.qa.tests.LoginTests@72cde7cc</td></tr>
<tr>
<td title='com.crm.qa.tests.LoginTests.resetPassword()'><b>resetPassword</b><br>Test class: com.crm.qa.tests.LoginTests</td>
<td></td>
<td>1</td>
<td>com.crm.qa.tests.LoginTests@72cde7cc</td></tr>
<tr>
<td title='com.crm.qa.tests.HomeTest.validateCheckInDate()'><b>validateCheckInDate</b><br>Test class: com.crm.qa.tests.HomeTest</td>
<td></td>
<td>0</td>
<td>com.crm.qa.tests.HomeTest@696da30b</td></tr>
<tr>
<td title='com.crm.qa.tests.HomeTest.validateCheckOutDate()'><b>validateCheckOutDate</b><br>Test class: com.crm.qa.tests.HomeTest</td>
<td></td>
<td>0</td>
<td>com.crm.qa.tests.HomeTest@696da30b</td></tr>
<tr>
<td title='com.crm.qa.tests.LoginTests.validateHeaderImg()'><b>validateHeaderImg</b><br>Test class: com.crm.qa.tests.LoginTests</td>
<td></td>
<td>0</td>
<td>com.crm.qa.tests.LoginTests@72cde7cc</td></tr>
<tr>
<td title='com.crm.qa.tests.LoginTests.validateImage()'><b>validateImage</b><br>Test class: com.crm.qa.tests.LoginTests</td>
<td></td>
<td>0</td>
<td>com.crm.qa.tests.LoginTests@72cde7cc</td></tr>
<tr>
<td title='com.crm.qa.tests.LoginTests.validateLOgo1()'><b>validateLOgo1</b><br>Test class: com.crm.qa.tests.LoginTests</td>
<td></td>
<td>0</td>
<td>com.crm.qa.tests.LoginTests@72cde7cc</td></tr>
<tr>
<td title='com.crm.qa.tests.LoginTests.welcome_Title()'><b>welcome_Title</b><br>Test class: com.crm.qa.tests.LoginTests</td>
<td></td>
<td>0</td>
<td>com.crm.qa.tests.LoginTests@72cde7cc</td></tr>
</table><p>
<table width='100%' border='1' class='invocation-skipped'>
<tr><td colspan='4' align='center'><b>SKIPPED TESTS</b></td></tr>
<tr><td><b>Test method</b></td>
<td width="30%"><b>Exception</b></td>
<td width="10%"><b>Time (seconds)</b></td>
<td><b>Instance</b></td>
</tr>
<tr>
<td title='com.crm.qa.tests.HomeTest.locationDropDown1()'><b>locationDropDown1</b><br>Test class: com.crm.qa.tests.HomeTest</td>
<td><div><pre>java.lang.RuntimeException: java.io.FileNotFoundException: C:\Users\Hp\eclipse-workspace\FreeCRMTest\src\main\java\com\crm\qa\testdata\testdata.xlsx (The system cannot find the path specified)
Caused by: java.io.FileNotFoundException: C:\Users\Hp\eclipse-workspace\FreeCRMTest\src\main\java\com\crm\qa\testdata\testdata.xlsx (The system cannot find the path specified)
	at java.base/java.io.FileInputStream.open0(Native Method)
	at java.base/java.io.FileInputStream.open(FileInputStream.java:220)
	at java.base/java.io.FileInputStream.&lt;init&gt;(FileInputStream.java:158)
	at java.base/java.io.FileInputStream.&lt;init&gt;(FileInputStream.java:113)
	at com.crm.qa.util.TestUtil.fileRead(TestUtil.java:31)
	at com.crm.qa.tests.HomeTest.getData(HomeTest.java:47)
	... 20 more
... Removed 27 stack frames</pre></div><a href='#' onClick='toggleBox("stack-trace1144499207", this, "Click to show all stack frames", "Click to hide stack frames")'>Click to show all stack frames</a>
<div class='stack-trace' id='stack-trace1144499207'><pre>java.lang.RuntimeException: java.io.FileNotFoundException: C:\Users\Hp\eclipse-workspace\FreeCRMTest\src\main\java\com\crm\qa\testdata\testdata.xlsx (The system cannot find the path specified)
	at org.testng.internal.MethodInvocationHelper.invokeDataProvider(MethodInvocationHelper.java:162)
	at org.testng.internal.Parameters.handleParameters(Parameters.java:430)
	at org.testng.internal.Invoker.handleParameters(Invoker.java:1270)
	at org.testng.internal.Invoker.createParameters(Invoker.java:985)
	at org.testng.internal.Invoker.invokeTestMethods(Invoker.java:1075)
	at org.testng.internal.TestMethodWorker.invokeTestMethods(TestMethodWorker.java:125)
	at org.testng.internal.TestMethodWorker.run(TestMethodWorker.java:108)
	at org.testng.TestRunner.privateRun(TestRunner.java:774)
	at org.testng.TestRunner.run(TestRunner.java:624)
	at org.testng.SuiteRunner.runTest(SuiteRunner.java:359)
	at org.testng.SuiteRunner.runSequentially(SuiteRunner.java:354)
	at org.testng.SuiteRunner.privateRun(SuiteRunner.java:312)
	at org.testng.SuiteRunner.run(SuiteRunner.java:261)
	at org.testng.SuiteRunnerWorker.runSuite(SuiteRunnerWorker.java:52)
	at org.testng.SuiteRunnerWorker.run(SuiteRunnerWorker.java:86)
	at org.testng.TestNG.runSuitesSequentially(TestNG.java:1191)
	at org.testng.TestNG.runSuitesLocally(TestNG.java:1116)
	at org.testng.TestNG.run(TestNG.java:1024)
	at org.testng.remote.AbstractRemoteTestNG.run(AbstractRemoteTestNG.java:115)
	at org.testng.remote.RemoteTestNG.initAndRun(RemoteTestNG.java:251)
	at org.testng.remote.RemoteTestNG.main(RemoteTestNG.java:77)
Caused by: java.io.FileNotFoundException: C:\Users\Hp\eclipse-workspace\FreeCRMTest\src\main\java\com\crm\qa\testdata\testdata.xlsx (The system cannot find the path specified)
	at java.base/java.io.FileInputStream.open0(Native Method)
	at java.base/java.io.FileInputStream.open(FileInputStream.java:220)
	at java.base/java.io.FileInputStream.&lt;init&gt;(FileInputStream.java:158)
	at java.base/java.io.FileInputStream.&lt;init&gt;(FileInputStream.java:113)
	at com.crm.qa.util.TestUtil.fileRead(TestUtil.java:31)
	at com.crm.qa.tests.HomeTest.getData(HomeTest.java:47)
	at java.base/jdk.internal.reflect.NativeMethodAccessorImpl.invoke0(Native Method)
	at java.base/jdk.internal.reflect.NativeMethodAccessorImpl.invoke(NativeMethodAccessorImpl.java:62)
	at java.base/jdk.internal.reflect.DelegatingMethodAccessorImpl.invoke(DelegatingMethodAccessorImpl.java:43)
	at java.base/java.lang.reflect.Method.invoke(Method.java:564)
	at org.testng.internal.MethodInvocationHelper.invokeMethod(MethodInvocationHelper.java:85)
	at org.testng.internal.MethodInvocationHelper.invokeDataProvider(MethodInvocationHelper.java:136)
	... 20 more
</pre></div></td>
<td>0</td>
<td>com.crm.qa.tests.HomeTest@696da30b</td></tr>
<tr>
<td title='com.crm.qa.tests.SignUpTest.register()'><b>register</b><br>Test class: com.crm.qa.tests.SignUpTest</td>
<td><div><pre>java.lang.RuntimeException: java.io.FileNotFoundException: C:\Users\Hp\eclipse-workspace\FreeCRMTest\src\main\java\com\crm\qa\testdata\testdata.xlsx (The system cannot find the path specified)
Caused by: java.io.FileNotFoundException: C:\Users\Hp\eclipse-workspace\FreeCRMTest\src\main\java\com\crm\qa\testdata\testdata.xlsx (The system cannot find the path specified)
	at java.base/java.io.FileInputStream.open0(Native Method)
	at java.base/java.io.FileInputStream.open(FileInputStream.java:220)
	at java.base/java.io.FileInputStream.&lt;init&gt;(FileInputStream.java:158)
	at java.base/java.io.FileInputStream.&lt;init&gt;(FileInputStream.java:113)
	at com.crm.qa.util.TestUtil.fileRead(TestUtil.java:31)
	at com.crm.qa.tests.SignUpTest.getData(SignUpTest.java:64)
	... 20 more
... Removed 27 stack frames</pre></div><a href='#' onClick='toggleBox("stack-trace1666419636", this, "Click to show all stack frames", "Click to hide stack frames")'>Click to show all stack frames</a>
<div class='stack-trace' id='stack-trace1666419636'><pre>java.lang.RuntimeException: java.io.FileNotFoundException: C:\Users\Hp\eclipse-workspace\FreeCRMTest\src\main\java\com\crm\qa\testdata\testdata.xlsx (The system cannot find the path specified)
	at org.testng.internal.MethodInvocationHelper.invokeDataProvider(MethodInvocationHelper.java:162)
	at org.testng.internal.Parameters.handleParameters(Parameters.java:430)
	at org.testng.internal.Invoker.handleParameters(Invoker.java:1270)
	at org.testng.internal.Invoker.createParameters(Invoker.java:985)
	at org.testng.internal.Invoker.invokeTestMethods(Invoker.java:1075)
	at org.testng.internal.TestMethodWorker.invokeTestMethods(TestMethodWorker.java:125)
	at org.testng.internal.TestMethodWorker.run(TestMethodWorker.java:108)
	at org.testng.TestRunner.privateRun(TestRunner.java:774)
	at org.testng.TestRunner.run(TestRunner.java:624)
	at org.testng.SuiteRunner.runTest(SuiteRunner.java:359)
	at org.testng.SuiteRunner.runSequentially(SuiteRunner.java:354)
	at org.testng.SuiteRunner.privateRun(SuiteRunner.java:312)
	at org.testng.SuiteRunner.run(SuiteRunner.java:261)
	at org.testng.SuiteRunnerWorker.runSuite(SuiteRunnerWorker.java:52)
	at org.testng.SuiteRunnerWorker.run(SuiteRunnerWorker.java:86)
	at org.testng.TestNG.runSuitesSequentially(TestNG.java:1191)
	at org.testng.TestNG.runSuitesLocally(TestNG.java:1116)
	at org.testng.TestNG.run(TestNG.java:1024)
	at org.testng.remote.AbstractRemoteTestNG.run(AbstractRemoteTestNG.java:115)
	at org.testng.remote.RemoteTestNG.initAndRun(RemoteTestNG.java:251)
	at org.testng.remote.RemoteTestNG.main(RemoteTestNG.java:77)
Caused by: java.io.FileNotFoundException: C:\Users\Hp\eclipse-workspace\FreeCRMTest\src\main\java\com\crm\qa\testdata\testdata.xlsx (The system cannot find the path specified)
	at java.base/java.io.FileInputStream.open0(Native Method)
	at java.base/java.io.FileInputStream.open(FileInputStream.java:220)
	at java.base/java.io.FileInputStream.&lt;init&gt;(FileInputStream.java:158)
	at java.base/java.io.FileInputStream.&lt;init&gt;(FileInputStream.java:113)
	at com.crm.qa.util.TestUtil.fileRead(TestUtil.java:31)
	at com.crm.qa.tests.SignUpTest.getData(SignUpTest.java:64)
	at java.base/jdk.internal.reflect.NativeMethodAccessorImpl.invoke0(Native Method)
	at java.base/jdk.internal.reflect.NativeMethodAccessorImpl.invoke(NativeMethodAccessorImpl.java:62)
	at java.base/jdk.internal.reflect.DelegatingMethodAccessorImpl.invoke(DelegatingMethodAccessorImpl.java:43)
	at java.base/java.lang.reflect.Method.invoke(Method.java:564)
	at org.testng.internal.MethodInvocationHelper.invokeMethod(MethodInvocationHelper.java:85)
	at org.testng.internal.MethodInvocationHelper.invokeDataProvider(MethodInvocationHelper.java:136)
	... 20 more
</pre></div></td>
<td>0</td>
<td>com.crm.qa.tests.SignUpTest@4e7912d8</td></tr>
</table><p>
</body>
</html>