<?xml version="1.0" encoding="UTF-8"?>
<!-- Generated by org.testng.reporters.JUnitXMLReporter -->
<testsuite hostname="php7" failures="2" tests="33" name="Test" time="37.249" errors="0" timestamp="27 Mar 2021 09:40:06 GMT">
  <testcase classname="com.crm.qa.tests.LoginTests" name="Build1URL_Title" time="0.126"/>
  <testcase classname="com.crm.qa.tests.LoginTests" name="Build1_Title" time="0.046"/>
  <testcase classname="com.crm.qa.tests.LoginTests" name="Build2_Title" time="0.031"/>
  <testcase classname="com.crm.qa.tests.LoginTests" name="Email_Title" time="0.045"/>
  <testcase classname="com.crm.qa.tests.LoginTests" name="Email_URL" time="0.048"/>
  <testcase classname="com.crm.qa.tests.LoginTests" name="HotelImage1" time="0.073"/>
  <testcase classname="com.crm.qa.tests.LoginTests" name="HotelImage2" time="0.046"/>
  <testcase classname="com.crm.qa.tests.LoginTests" name="HotelImage3" time="0.044"/>
  <testcase classname="com.crm.qa.tests.LoginTests" name="HotelImage4" time="0.043"/>
  <testcase classname="com.crm.qa.tests.LoginTests" name="InvalideloginTest1" time="0.575"/>
  <testcase classname="com.crm.qa.tests.LoginTests" name="Password_Title" time="0.035"/>
  <testcase classname="com.crm.qa.tests.LoginTests" name="Signup" time="3.283"/>
  <testcase classname="com.crm.qa.tests.LoginTests" name="Signup_Title" time="0.066"/>
  <testcase classname="com.crm.qa.tests.LoginTests" name="Username_Title" time="0.045"/>
  <testcase classname="com.crm.qa.tests.LoginTests" name="ValideloginTest" time="1.933"/>
  <testcase classname="com.crm.qa.tests.LoginTests" name="build_title" time="0.079"/>
  <testcase classname="com.crm.qa.tests.LoginTests" name="footer_Title" time="0.042"/>
  <testcase classname="com.crm.qa.tests.LoginTests" name="forgotPass" time="1.129"/>
  <testcase classname="com.crm.qa.tests.LoginTests" name="forgotten_Title" time="0.107"/>
  <testcase classname="com.crm.qa.tests.LoginTests" name="hotel_URL" time="0.075"/>
  <testcase classname="com.crm.qa.tests.LoginTests" name="loginPageTitleTest" time="0.025"/>
  <testcase classname="com.crm.qa.tests.LoginTests" name="loginTitle" time="0.054"/>
  <testcase classname="com.crm.qa.tests.LoginTests" name="resetPassword" time="1.683"/>
  <testcase classname="com.crm.qa.tests.LoginTests" name="validateHeaderImg" time="0.071"/>
  <testcase classname="com.crm.qa.tests.LoginTests" name="validateImage" time="0.047"/>
  <testcase classname="com.crm.qa.tests.LoginTests" name="validateLOgo1" time="0.037"/>
  <testcase classname="com.crm.qa.tests.LoginTests" name="welcome_Title" time="0.035"/>
  <testcase classname="com.crm.qa.tests.ForgotTest" name="GoBack" time="0.001">
    <failure type="java.lang.NullPointerException">
      <![CDATA[java.lang.NullPointerException
	at com.crm.qa.pages.ForgotPage.GoBackLoginPage(ForgotPage.java:138)
	at com.crm.qa.tests.ForgotTest.GoBack(ForgotTest.java:44)
... Removed 24 stack frames]]>
    </failure>
  </testcase> <!-- GoBack -->
  <testcase classname="com.crm.qa.tests.HomeTest" name="locationDropDown1" time="0.0">
    <skipped/>
  </testcase> <!-- locationDropDown1 -->
  <testcase classname="com.crm.qa.tests.HomeTest" name="validateCheckInDate" time="0.2"/>
  <testcase classname="com.crm.qa.tests.HomeTest" name="validateCheckOutDate" time="0.171"/>
  <testcase classname="com.crm.qa.tests.SignUpTest" name="m" time="0.006">
    <failure type="java.lang.AssertionError" message="expected [ytdruyhgrf] but found [Adactin.com - New User Registration]">
      <![CDATA[java.lang.AssertionError: expected [ytdruyhgrf] but found [Adactin.com - New User Registration]
	at com.crm.qa.tests.SignUpTest.m(SignUpTest.java:46)
... Removed 29 stack frames]]>
    </failure>
  </testcase> <!-- m -->
  <testcase classname="com.crm.qa.tests.SignUpTest" name="register" time="0.0">
    <skipped/>
  </testcase> <!-- register -->
</testsuite> <!-- Test -->
