<!DOCTYPE html PUBLIC "-//W3C//DTD XHTML 1.1//EN" "http://www.w3.org/TR/xhtml11/DTD/xhtml11.dtd">
<html xmlns="http://www.w3.org/1999/xhtml"><head><title>TestNG Report</title><style type="text/css">table {margin-bottom:10px;border-collapse:collapse;empty-cells:show}th,td {border:1px solid #009;padding:.25em .5em}th {vertical-align:bottom}td {vertical-align:top}table a {font-weight:bold}.stripe td {background-color: #E6EBF9}.num {text-align:right}.passedodd td {background-color: #3F3}.passedeven td {background-color: #0A0}.skippedodd td {background-color: #DDD}.skippedeven td {background-color: #CCC}.failedodd td,.attn {background-color: #F33}.failedeven td,.stripe .attn {background-color: #D00}.stacktrace {white-space:pre;font-family:monospace}.totop {font-size:85%;text-align:center;border-bottom:2px solid #000}</style></head><body><table><tr><th>Test</th><th># Passed</th><th># Skipped</th><th># Failed</th><th>Time (ms)</th><th>Included Groups</th><th>Excluded Groups</th></tr><tr><th colspan="7">Default suite</th></tr><tr><td><a href="#t0">Default test</a></td><td class="num">29</td><td class="num attn">2</td><td class="num attn">2</td><td class="num">41,110</td><td></td><td></td></tr></table><table><thead><tr><th>Class</th><th>Method</th><th>Start</th><th>Time (ms)</th></tr></thead><tbody><tr><th colspan="4">Default suite</th></tr></tbody><tbody id="t0"><tr><th colspan="4">Default test &#8212; failed</th></tr><tr class="failedeven"><td rowspan="1">com.crm.qa.tests.ForgotTest</td><td><a href="#m0">GoBack</a></td><td rowspan="1">1616837152469</td><td rowspan="1">2</td></tr><tr class="failedodd"><td rowspan="1">com.crm.qa.tests.SignUpTest</td><td><a href="#m1">m</a></td><td rowspan="1">1616837159046</td><td rowspan="1">7</td></tr><tr><th colspan="4">Default test &#8212; skipped</th></tr><tr class="skippedeven"><td rowspan="1">com.crm.qa.tests.HomeTest</td><td><a href="#m2">locationDropDown1</a></td><td rowspan="1">1616837164753</td><td rowspan="1">0</td></tr><tr class="skippedodd"><td rowspan="1">com.crm.qa.tests.SignUpTest</td><td><a href="#m3">register</a></td><td rowspan="1">1616837159059</td><td rowspan="1">0</td></tr><tr><th colspan="4">Default test &#8212; passed</th></tr><tr class="passedeven"><td rowspan="2">com.crm.qa.tests.HomeTest</td><td><a href="#m4">validateCheckInDate</a></td><td rowspan="1">1616837164755</td><td rowspan="1">179</td></tr><tr class="passedeven"><td><a href="#m5">validateCheckOutDate</a></td><td rowspan="1">1616837164935</td><td rowspan="1">165</td></tr><tr class="passedodd"><td rowspan="27">com.crm.qa.tests.LoginTests</td><td><a href="#m6">Build1URL_Title</a></td><td rowspan="1">1616837135111</td><td rowspan="1">409</td></tr><tr class="passedodd"><td><a href="#m7">Build1_Title</a></td><td rowspan="1">1616837135521</td><td rowspan="1">41</td></tr><tr class="passedodd"><td><a href="#m8">Build2_Title</a></td><td rowspan="1">1616837135563</td><td rowspan="1">27</td></tr><tr class="passedodd"><td><a href="#m9">Email_Title</a></td><td rowspan="1">1616837135592</td><td rowspan="1">50</td></tr><tr class="passedodd"><td><a href="#m10">Email_URL</a></td><td rowspan="1">1616837135644</td><td rowspan="1">64</td></tr><tr class="passedodd"><td><a href="#m11">HotelImage1</a></td><td rowspan="1">1616837135710</td><td rowspan="1">94</td></tr><tr class="passedodd"><td><a href="#m12">HotelImage2</a></td><td rowspan="1">1616837135806</td><td rowspan="1">54</td></tr><tr class="passedodd"><td><a href="#m13">HotelImage3</a></td><td rowspan="1">1616837135862</td><td rowspan="1">102</td></tr><tr class="passedodd"><td><a href="#m14">HotelImage4</a></td><td rowspan="1">1616837135965</td><td rowspan="1">59</td></tr><tr class="passedodd"><td><a href="#m15">InvalideloginTest1</a></td><td rowspan="1">1616837136026</td><td rowspan="1">1131</td></tr><tr class="passedodd"><td><a href="#m16">Password_Title</a></td><td rowspan="1">1616837137159</td><td rowspan="1">37</td></tr><tr class="passedodd"><td><a href="#m17">Signup</a></td><td rowspan="1">1616837137197</td><td rowspan="1">3621</td></tr><tr class="passedodd"><td><a href="#m18">Signup_Title</a></td><td rowspan="1">1616837140820</td><td rowspan="1">46</td></tr><tr class="passedodd"><td><a href="#m19">Username_Title</a></td><td rowspan="1">1616837140868</td><td rowspan="1">36</td></tr><tr class="passedodd"><td><a href="#m20">ValideloginTest</a></td><td rowspan="1">1616837140906</td><td rowspan="1">1630</td></tr><tr class="passedodd"><td><a href="#m21">build_title</a></td><td rowspan="1">1616837142537</td><td rowspan="1">45</td></tr><tr class="passedodd"><td><a href="#m22">footer_Title</a></td><td rowspan="1">1616837142583</td><td rowspan="1">40</td></tr><tr class="passedodd"><td><a href="#m23">forgotPass</a></td><td rowspan="1">1616837142624</td><td rowspan="1">989</td></tr><tr class="passedodd"><td><a href="#m24">forgotten_Title</a></td><td rowspan="1">1616837143614</td><td rowspan="1">45</td></tr><tr class="passedodd"><td><a href="#m25">hotel_URL</a></td><td rowspan="1">1616837143661</td><td rowspan="1">36</td></tr><tr class="passedodd"><td><a href="#m26">loginPageTitleTest</a></td><td rowspan="1">1616837143699</td><td rowspan="1">7</td></tr><tr class="passedodd"><td><a href="#m27">loginTitle</a></td><td rowspan="1">1616837143707</td><td rowspan="1">34</td></tr><tr class="passedodd"><td><a href="#m28">resetPassword</a></td><td rowspan="1">1616837143742</td><td rowspan="1">1575</td></tr><tr class="passedodd"><td><a href="#m29">validateHeaderImg</a></td><td rowspan="1">1616837145320</td><td rowspan="1">55</td></tr><tr class="passedodd"><td><a href="#m30">validateImage</a></td><td rowspan="1">1616837145377</td><td rowspan="1">60</td></tr><tr class="passedodd"><td><a href="#m31">validateLOgo1</a></td><td rowspan="1">1616837145438</td><td rowspan="1">45</td></tr><tr class="passedodd"><td><a href="#m32">welcome_Title</a></td><td rowspan="1">1616837145484</td><td rowspan="1">42</td></tr></tbody></table><h2>Default test</h2><h3 id="m0">com.crm.qa.tests.ForgotTest#GoBack</h3><table class="result"><tr><th>Exception</th></tr><tr><td><div class="stacktrace">java.lang.NullPointerException
	at com.crm.qa.pages.ForgotPage.GoBackLoginPage(ForgotPage.java:138)
	at com.crm.qa.tests.ForgotTest.GoBack(ForgotTest.java:44)
	at java.base/jdk.internal.reflect.NativeMethodAccessorImpl.invoke0(Native Method)
	at java.base/jdk.internal.reflect.NativeMethodAccessorImpl.invoke(NativeMethodAccessorImpl.java:62)
	at java.base/jdk.internal.reflect.DelegatingMethodAccessorImpl.invoke(DelegatingMethodAccessorImpl.java:43)
	at java.base/java.lang.reflect.Method.invoke(Method.java:564)
	at org.testng.internal.MethodInvocationHelper.invokeMethod(MethodInvocationHelper.java:85)
	at org.testng.internal.Invoker.invokeMethod(Invoker.java:639)
	at org.testng.internal.Invoker.invokeTestMethod(Invoker.java:816)
	at org.testng.internal.Invoker.invokeTestMethods(Invoker.java:1124)
	at org.testng.internal.TestMethodWorker.invokeTestMethods(TestMethodWorker.java:125)
	at org.testng.internal.TestMethodWorker.run(TestMethodWorker.java:108)
	at org.testng.TestRunner.privateRun(TestRunner.java:774)
	at org.testng.TestRunner.run(TestRunner.java:624)
	at org.testng.SuiteRunner.runTest(SuiteRunner.java:359)
	at org.testng.SuiteRunner.runSequentially(SuiteRunner.java:354)
	at org.testng.SuiteRunner.privateRun(SuiteRunner.java:312)
	at org.testng.SuiteRunner.run(SuiteRunner.java:261)
	at org.testng.SuiteRunnerWorker.runSuite(SuiteRunnerWorker.java:52)
	at org.testng.SuiteRunnerWorker.run(SuiteRunnerWorker.java:86)
	at org.testng.TestNG.runSuitesSequentially(TestNG.java:1191)
	at org.testng.TestNG.runSuitesLocally(TestNG.java:1116)
	at org.testng.TestNG.run(TestNG.java:1024)
	at org.testng.remote.AbstractRemoteTestNG.run(AbstractRemoteTestNG.java:115)
	at org.testng.remote.RemoteTestNG.initAndRun(RemoteTestNG.java:251)
	at org.testng.remote.RemoteTestNG.main(RemoteTestNG.java:77)
</div></td></tr></table><p class="totop"><a href="#summary">back to summary</a></p><h3 id="m1">com.crm.qa.tests.SignUpTest#m</h3><table class="result"><tr><th>Exception</th></tr><tr><td><div class="stacktrace">java.lang.AssertionError: expected [ytdruyhgrf] but found [Adactin.com - New User Registration]
	at org.testng.Assert.fail(Assert.java:94)
	at org.testng.Assert.failNotEquals(Assert.java:496)
	at org.testng.Assert.assertEquals(Assert.java:125)
	at org.testng.Assert.assertEquals(Assert.java:178)
	at org.testng.Assert.assertEquals(Assert.java:188)
	at com.crm.qa.tests.SignUpTest.m(SignUpTest.java:46)
	at java.base/jdk.internal.reflect.NativeMethodAccessorImpl.invoke0(Native Method)
	at java.base/jdk.internal.reflect.NativeMethodAccessorImpl.invoke(NativeMethodAccessorImpl.java:62)
	at java.base/jdk.internal.reflect.DelegatingMethodAccessorImpl.invoke(DelegatingMethodAccessorImpl.java:43)
	at java.base/java.lang.reflect.Method.invoke(Method.java:564)
	at org.testng.internal.MethodInvocationHelper.invokeMethod(MethodInvocationHelper.java:85)
	at org.testng.internal.Invoker.invokeMethod(Invoker.java:639)
	at org.testng.internal.Invoker.invokeTestMethod(Invoker.java:816)
	at org.testng.internal.Invoker.invokeTestMethods(Invoker.java:1124)
	at org.testng.internal.TestMethodWorker.invokeTestMethods(TestMethodWorker.java:125)
	at org.testng.internal.TestMethodWorker.run(TestMethodWorker.java:108)
	at org.testng.TestRunner.privateRun(TestRunner.java:774)
	at org.testng.TestRunner.run(TestRunner.java:624)
	at org.testng.SuiteRunner.runTest(SuiteRunner.java:359)
	at org.testng.SuiteRunner.runSequentially(SuiteRunner.java:354)
	at org.testng.SuiteRunner.privateRun(SuiteRunner.java:312)
	at org.testng.SuiteRunner.run(SuiteRunner.java:261)
	at org.testng.SuiteRunnerWorker.runSuite(SuiteRunnerWorker.java:52)
	at org.testng.SuiteRunnerWorker.run(SuiteRunnerWorker.java:86)
	at org.testng.TestNG.runSuitesSequentially(TestNG.java:1191)
	at org.testng.TestNG.runSuitesLocally(TestNG.java:1116)
	at org.testng.TestNG.run(TestNG.java:1024)
	at org.testng.remote.AbstractRemoteTestNG.run(AbstractRemoteTestNG.java:115)
	at org.testng.remote.RemoteTestNG.initAndRun(RemoteTestNG.java:251)
	at org.testng.remote.RemoteTestNG.main(RemoteTestNG.java:77)
</div></td></tr></table><p class="totop"><a href="#summary">back to summary</a></p><h3 id="m2">com.crm.qa.tests.HomeTest#locationDropDown1</h3><table class="result"><tr><th>Exception</th></tr><tr><td><div class="stacktrace">java.lang.RuntimeException: java.io.FileNotFoundException: C:\Users\Hp\eclipse-workspace\FreeCRMTest\src\main\java\com\crm\qa\testdata\testdata.xlsx (The system cannot find the path specified)
	at org.testng.internal.MethodInvocationHelper.invokeDataProvider(MethodInvocationHelper.java:162)
	at org.testng.internal.Parameters.handleParameters(Parameters.java:430)
	at org.testng.internal.Invoker.handleParameters(Invoker.java:1270)
	at org.testng.internal.Invoker.createParameters(Invoker.java:985)
	at org.testng.internal.Invoker.invokeTestMethods(Invoker.java:1075)
	at org.testng.internal.TestMethodWorker.invokeTestMethods(TestMethodWorker.java:125)
	at org.testng.internal.TestMethodWorker.run(TestMethodWorker.java:108)
	at org.testng.TestRunner.privateRun(TestRunner.java:774)
	at org.testng.TestRunner.run(TestRunner.java:624)
	at org.testng.SuiteRunner.runTest(SuiteRunner.java:359)
	at org.testng.SuiteRunner.runSequentially(SuiteRunner.java:354)
	at org.testng.SuiteRunner.privateRun(SuiteRunner.java:312)
	at org.testng.SuiteRunner.run(SuiteRunner.java:261)
	at org.testng.SuiteRunnerWorker.runSuite(SuiteRunnerWorker.java:52)
	at org.testng.SuiteRunnerWorker.run(SuiteRunnerWorker.java:86)
	at org.testng.TestNG.runSuitesSequentially(TestNG.java:1191)
	at org.testng.TestNG.runSuitesLocally(TestNG.java:1116)
	at org.testng.TestNG.run(TestNG.java:1024)
	at org.testng.remote.AbstractRemoteTestNG.run(AbstractRemoteTestNG.java:115)
	at org.testng.remote.RemoteTestNG.initAndRun(RemoteTestNG.java:251)
	at org.testng.remote.RemoteTestNG.main(RemoteTestNG.java:77)
Caused by: java.io.FileNotFoundException: C:\Users\Hp\eclipse-workspace\FreeCRMTest\src\main\java\com\crm\qa\testdata\testdata.xlsx (The system cannot find the path specified)
	at java.base/java.io.FileInputStream.open0(Native Method)
	at java.base/java.io.FileInputStream.open(FileInputStream.java:220)
	at java.base/java.io.FileInputStream.&lt;init&gt;(FileInputStream.java:158)
	at java.base/java.io.FileInputStream.&lt;init&gt;(FileInputStream.java:113)
	at com.crm.qa.util.TestUtil.fileRead(TestUtil.java:31)
	at com.crm.qa.tests.HomeTest.getData(HomeTest.java:47)
	at java.base/jdk.internal.reflect.NativeMethodAccessorImpl.invoke0(Native Method)
	at java.base/jdk.internal.reflect.NativeMethodAccessorImpl.invoke(NativeMethodAccessorImpl.java:62)
	at java.base/jdk.internal.reflect.DelegatingMethodAccessorImpl.invoke(DelegatingMethodAccessorImpl.java:43)
	at java.base/java.lang.reflect.Method.invoke(Method.java:564)
	at org.testng.internal.MethodInvocationHelper.invokeMethod(MethodInvocationHelper.java:85)
	at org.testng.internal.MethodInvocationHelper.invokeDataProvider(MethodInvocationHelper.java:136)
	... 20 more
</div></td></tr></table><p class="totop"><a href="#summary">back to summary</a></p><h3 id="m3">com.crm.qa.tests.SignUpTest#register</h3><table class="result"><tr><th>Exception</th></tr><tr><td><div class="stacktrace">java.lang.RuntimeException: java.io.FileNotFoundException: C:\Users\Hp\eclipse-workspace\FreeCRMTest\src\main\java\com\crm\qa\testdata\testdata.xlsx (The system cannot find the path specified)
	at org.testng.internal.MethodInvocationHelper.invokeDataProvider(MethodInvocationHelper.java:162)
	at org.testng.internal.Parameters.handleParameters(Parameters.java:430)
	at org.testng.internal.Invoker.handleParameters(Invoker.java:1270)
	at org.testng.internal.Invoker.createParameters(Invoker.java:985)
	at org.testng.internal.Invoker.invokeTestMethods(Invoker.java:1075)
	at org.testng.internal.TestMethodWorker.invokeTestMethods(TestMethodWorker.java:125)
	at org.testng.internal.TestMethodWorker.run(TestMethodWorker.java:108)
	at org.testng.TestRunner.privateRun(TestRunner.java:774)
	at org.testng.TestRunner.run(TestRunner.java:624)
	at org.testng.SuiteRunner.runTest(SuiteRunner.java:359)
	at org.testng.SuiteRunner.runSequentially(SuiteRunner.java:354)
	at org.testng.SuiteRunner.privateRun(SuiteRunner.java:312)
	at org.testng.SuiteRunner.run(SuiteRunner.java:261)
	at org.testng.SuiteRunnerWorker.runSuite(SuiteRunnerWorker.java:52)
	at org.testng.SuiteRunnerWorker.run(SuiteRunnerWorker.java:86)
	at org.testng.TestNG.runSuitesSequentially(TestNG.java:1191)
	at org.testng.TestNG.runSuitesLocally(TestNG.java:1116)
	at org.testng.TestNG.run(TestNG.java:1024)
	at org.testng.remote.AbstractRemoteTestNG.run(AbstractRemoteTestNG.java:115)
	at org.testng.remote.RemoteTestNG.initAndRun(RemoteTestNG.java:251)
	at org.testng.remote.RemoteTestNG.main(RemoteTestNG.java:77)
Caused by: java.io.FileNotFoundException: C:\Users\Hp\eclipse-workspace\FreeCRMTest\src\main\java\com\crm\qa\testdata\testdata.xlsx (The system cannot find the path specified)
	at java.base/java.io.FileInputStream.open0(Native Method)
	at java.base/java.io.FileInputStream.open(FileInputStream.java:220)
	at java.base/java.io.FileInputStream.&lt;init&gt;(FileInputStream.java:158)
	at java.base/java.io.FileInputStream.&lt;init&gt;(FileInputStream.java:113)
	at com.crm.qa.util.TestUtil.fileRead(TestUtil.java:31)
	at com.crm.qa.tests.SignUpTest.getData(SignUpTest.java:64)
	at java.base/jdk.internal.reflect.NativeMethodAccessorImpl.invoke0(Native Method)
	at java.base/jdk.internal.reflect.NativeMethodAccessorImpl.invoke(NativeMethodAccessorImpl.java:62)
	at java.base/jdk.internal.reflect.DelegatingMethodAccessorImpl.invoke(DelegatingMethodAccessorImpl.java:43)
	at java.base/java.lang.reflect.Method.invoke(Method.java:564)
	at org.testng.internal.MethodInvocationHelper.invokeMethod(MethodInvocationHelper.java:85)
	at org.testng.internal.MethodInvocationHelper.invokeDataProvider(MethodInvocationHelper.java:136)
	... 20 more
</div></td></tr></table><p class="totop"><a href="#summary">back to summary</a></p><h3 id="m4">com.crm.qa.tests.HomeTest#validateCheckInDate</h3><table class="result"></table><p class="totop"><a href="#summary">back to summary</a></p><h3 id="m5">com.crm.qa.tests.HomeTest#validateCheckOutDate</h3><table class="result"></table><p class="totop"><a href="#summary">back to summary</a></p><h3 id="m6">com.crm.qa.tests.LoginTests#Build1URL_Title</h3><table class="result"></table><p class="totop"><a href="#summary">back to summary</a></p><h3 id="m7">com.crm.qa.tests.LoginTests#Build1_Title</h3><table class="result"></table><p class="totop"><a href="#summary">back to summary</a></p><h3 id="m8">com.crm.qa.tests.LoginTests#Build2_Title</h3><table class="result"></table><p class="totop"><a href="#summary">back to summary</a></p><h3 id="m9">com.crm.qa.tests.LoginTests#Email_Title</h3><table class="result"></table><p class="totop"><a href="#summary">back to summary</a></p><h3 id="m10">com.crm.qa.tests.LoginTests#Email_URL</h3><table class="result"></table><p class="totop"><a href="#summary">back to summary</a></p><h3 id="m11">com.crm.qa.tests.LoginTests#HotelImage1</h3><table class="result"></table><p class="totop"><a href="#summary">back to summary</a></p><h3 id="m12">com.crm.qa.tests.LoginTests#HotelImage2</h3><table class="result"></table><p class="totop"><a href="#summary">back to summary</a></p><h3 id="m13">com.crm.qa.tests.LoginTests#HotelImage3</h3><table class="result"></table><p class="totop"><a href="#summary">back to summary</a></p><h3 id="m14">com.crm.qa.tests.LoginTests#HotelImage4</h3><table class="result"></table><p class="totop"><a href="#summary">back to summary</a></p><h3 id="m15">com.crm.qa.tests.LoginTests#InvalideloginTest1</h3><table class="result"></table><p class="totop"><a href="#summary">back to summary</a></p><h3 id="m16">com.crm.qa.tests.LoginTests#Password_Title</h3><table class="result"></table><p class="totop"><a href="#summary">back to summary</a></p><h3 id="m17">com.crm.qa.tests.LoginTests#Signup</h3><table class="result"></table><p class="totop"><a href="#summary">back to summary</a></p><h3 id="m18">com.crm.qa.tests.LoginTests#Signup_Title</h3><table class="result"></table><p class="totop"><a href="#summary">back to summary</a></p><h3 id="m19">com.crm.qa.tests.LoginTests#Username_Title</h3><table class="result"></table><p class="totop"><a href="#summary">back to summary</a></p><h3 id="m20">com.crm.qa.tests.LoginTests#ValideloginTest</h3><table class="result"></table><p class="totop"><a href="#summary">back to summary</a></p><h3 id="m21">com.crm.qa.tests.LoginTests#build_title</h3><table class="result"></table><p class="totop"><a href="#summary">back to summary</a></p><h3 id="m22">com.crm.qa.tests.LoginTests#footer_Title</h3><table class="result"></table><p class="totop"><a href="#summary">back to summary</a></p><h3 id="m23">com.crm.qa.tests.LoginTests#forgotPass</h3><table class="result"></table><p class="totop"><a href="#summary">back to summary</a></p><h3 id="m24">com.crm.qa.tests.LoginTests#forgotten_Title</h3><table class="result"></table><p class="totop"><a href="#summary">back to summary</a></p><h3 id="m25">com.crm.qa.tests.LoginTests#hotel_URL</h3><table class="result"></table><p class="totop"><a href="#summary">back to summary</a></p><h3 id="m26">com.crm.qa.tests.LoginTests#loginPageTitleTest</h3><table class="result"></table><p class="totop"><a href="#summary">back to summary</a></p><h3 id="m27">com.crm.qa.tests.LoginTests#loginTitle</h3><table class="result"></table><p class="totop"><a href="#summary">back to summary</a></p><h3 id="m28">com.crm.qa.tests.LoginTests#resetPassword</h3><table class="result"></table><p class="totop"><a href="#summary">back to summary</a></p><h3 id="m29">com.crm.qa.tests.LoginTests#validateHeaderImg</h3><table class="result"></table><p class="totop"><a href="#summary">back to summary</a></p><h3 id="m30">com.crm.qa.tests.LoginTests#validateImage</h3><table class="result"></table><p class="totop"><a href="#summary">back to summary</a></p><h3 id="m31">com.crm.qa.tests.LoginTests#validateLOgo1</h3><table class="result"></table><p class="totop"><a href="#summary">back to summary</a></p><h3 id="m32">com.crm.qa.tests.LoginTests#welcome_Title</h3><table class="result"></table><p class="totop"><a href="#summary">back to summary</a></p></body></html>